<?xml version="1.0" encoding="UTF-8"?>
<!-- Generated by org.testng.reporters.JUnitReportReporter -->
<testsuite skipped="0" hostname="DESKTOP-KQ0EMK1" name="tests.LoginPageTest" tests="2" failures="0" timestamp="2022-11-19T01:36:53 CST" time="12.214" errors="0">
  <testcase name="pageTitleTest" time="7.060" classname="tests.LoginPageTest"/>
  <system-out/>
  <testcase name="loginTest" time="5.154" classname="tests.LoginPageTest"/>
  <system-out/>
</testsuite> <!-- tests.LoginPageTest -->
